<?xml version="1.0" encoding="UTF-8"?>
<!-- Generated by org.testng.reporters.JUnitReportReporter -->
<testsuite hostname="DESKTOP-172D5CB" failures="0" tests="1" name="com.web.DreamERA.TestBase.TestBase" time="15.185" errors="0" timestamp="2025-06-24T07:58:44 IST" skipped="0">
  <testcase classname="com.web.DreamERA.TestBase.TestBase" name="Initilization" time="15.185"/>
</testsuite> <!-- com.web.DreamERA.TestBase.TestBase -->
